Starting OmniSharp server at 10/18/2020, 10:26:20 PM
    Target: /home/krawat/Repositories/EthernetSwitch/EthernetSwitch.sln

OmniSharp server started.
    Path: /root/.vscode/extensions/ms-dotnettools.csharp-1.23.3/.omnisharp/1.37.2/run
    PID: 8143

[info]: OmniSharp.Stdio.Host
        Starting OmniSharp on debian 10.0 (x64)
[info]: OmniSharp.Services.DotNetCliService
        DotNetPath set to dotnet
[info]: OmniSharp.MSBuild.Discovery.MSBuildLocator
        Located 1 MSBuild instance(s)
            1: StandAlone 16.8.0 - "/root/.vscode/extensions/ms-dotnettools.csharp-1.23.3/.omnisharp/1.37.2/omnisharp/.msbuild/Current/Bin"
[info]: OmniSharp.MSBuild.Discovery.MSBuildLocator
        MSBUILD_EXE_PATH environment variable set to '/root/.vscode/extensions/ms-dotnettools.csharp-1.23.3/.omnisharp/1.37.2/omnisharp/.msbuild/Current/Bin/MSBuild.exe'
[info]: OmniSharp.MSBuild.Discovery.MSBuildLocator
        Registered MSBuild instance: StandAlone 16.8.0 - "/root/.vscode/extensions/ms-dotnettools.csharp-1.23.3/.omnisharp/1.37.2/omnisharp/.msbuild/Current/Bin"
            CscToolExe = csc.exe
            MSBuildToolsPath = /root/.vscode/extensions/ms-dotnettools.csharp-1.23.3/.omnisharp/1.37.2/omnisharp/.msbuild/Current/Bin
            CscToolPath = /root/.vscode/extensions/ms-dotnettools.csharp-1.23.3/.omnisharp/1.37.2/omnisharp/.msbuild/Current/Bin/Roslyn
            BypassFrameworkInstallChecks = true
            MSBuildExtensionsPath = /root/.vscode/extensions/ms-dotnettools.csharp-1.23.3/.omnisharp/1.37.2/omnisharp/.msbuild
[info]: OmniSharp.Cake.CakeProjectSystem
        Detecting Cake files in '/home/krawat/Repositories/EthernetSwitch'.
[info]: OmniSharp.Cake.CakeProjectSystem
        Could not find any Cake files
[info]: OmniSharp.MSBuild.ProjectSystem
        Detecting projects in '/home/krawat/Repositories/EthernetSwitch/EthernetSwitch.sln'.
[info]: OmniSharp.MSBuild.ProjectManager
        Queue project update for '/home/krawat/Repositories/EthernetSwitch/EthernetSwitch/EthernetSwitch.csproj'
[info]: OmniSharp.MSBuild.ProjectManager
        Queue project update for '/home/krawat/Repositories/EthernetSwitch/EthernetSwitch.Data/EthernetSwitch.Data.csproj'
[info]: OmniSharp.MSBuild.ProjectManager
        Queue project update for '/home/krawat/Repositories/EthernetSwitch/EthernetSwitch.Infrastructure/EthernetSwitch.Infrastructure.csproj'
[info]: OmniSharp.Script.ScriptProjectSystem
        Detecting CSX files in '/home/krawat/Repositories/EthernetSwitch'.
[info]: OmniSharp.Script.ScriptProjectSystem
        Could not find any CSX files
[info]: OmniSharp.WorkspaceInitializer
        Invoking Workspace Options Provider: OmniSharp.Roslyn.CSharp.Services.CSharpFormattingWorkspaceOptionsProvider, Order: 0
[info]: OmniSharp.MSBuild.ProjectManager
        Loading project: /home/krawat/Repositories/EthernetSwitch/EthernetSwitch/EthernetSwitch.csproj
[info]: OmniSharp.WorkspaceInitializer
        Invoking Workspace Options Provider: OmniSharp.Roslyn.CSharp.Services.Completion.CompletionOptionsProvider, Order: 0
[info]: OmniSharp.WorkspaceInitializer
        Invoking Workspace Options Provider: OmniSharp.Roslyn.CSharp.Services.RenameWorkspaceOptionsProvider, Order: 100
[info]: OmniSharp.WorkspaceInitializer
        Invoking Workspace Options Provider: OmniSharp.Roslyn.CSharp.Services.ImplementTypeWorkspaceOptionsProvider, Order: 110
[info]: OmniSharp.WorkspaceInitializer
        Invoking Workspace Options Provider: OmniSharp.Roslyn.CSharp.Services.BlockStructureWorkspaceOptionsProvider, Order: 140
[info]: OmniSharp.WorkspaceInitializer
        Configuration finished.
[info]: OmniSharp.Stdio.Host
        Omnisharp server running using Stdio at location '/home/krawat/Repositories/EthernetSwitch' on host 7858.
[info]: OmniSharp.MSBuild.ProjectManager
        Successfully loaded project file '/home/krawat/Repositories/EthernetSwitch/EthernetSwitch/EthernetSwitch.csproj'.
[info]: OmniSharp.MSBuild.ProjectManager
        Adding project '/home/krawat/Repositories/EthernetSwitch/EthernetSwitch/EthernetSwitch.csproj'
[info]: OmniSharp.MSBuild.ProjectManager
        Loading project: /home/krawat/Repositories/EthernetSwitch/EthernetSwitch.Data/EthernetSwitch.Data.csproj
[info]: OmniSharp.MSBuild.ProjectManager
        Successfully loaded project file '/home/krawat/Repositories/EthernetSwitch/EthernetSwitch.Data/EthernetSwitch.Data.csproj'.
[info]: OmniSharp.MSBuild.ProjectManager
        Adding project '/home/krawat/Repositories/EthernetSwitch/EthernetSwitch.Data/EthernetSwitch.Data.csproj'
[info]: OmniSharp.MSBuild.ProjectManager
        Loading project: /home/krawat/Repositories/EthernetSwitch/EthernetSwitch.Infrastructure/EthernetSwitch.Infrastructure.csproj
[info]: OmniSharp.MSBuild.ProjectManager
        Successfully loaded project file '/home/krawat/Repositories/EthernetSwitch/EthernetSwitch.Infrastructure/EthernetSwitch.Infrastructure.csproj'.
[info]: OmniSharp.MSBuild.ProjectManager
        Adding project '/home/krawat/Repositories/EthernetSwitch/EthernetSwitch.Infrastructure/EthernetSwitch.Infrastructure.csproj'
[info]: OmniSharp.MSBuild.ProjectManager
        Update project: EthernetSwitch
[info]: OmniSharp.MSBuild.ProjectManager
        Update project: EthernetSwitch.Data
[info]: OmniSharp.MSBuild.ProjectManager
        Update project: EthernetSwitch.Infrastructure
[info]: OmniSharp.OmniSharpWorkspace
        Miscellaneous file: /home/krawat/Repositories/EthernetSwitch/EthernetSwitch/obj/Debug/netcoreapp3.1/EthernetSwitch.MvcApplicationPartsAssemblyInfo.cs added to workspace
